<?xml version="1.0" encoding="UTF-8"?>
<testsuite xmlns:xsi="http://www.w3.org/2001/XMLSchema-instance" xsi:noNamespaceSchemaLocation="https://maven.apache.org/surefire/maven-surefire-plugin/xsd/surefire-test-report-3.0.xsd" version="3.0" name="com.codermast.takeoutfood.V2ApplicationTests" time="9.376" tests="1" errors="0" skipped="0" failures="0">
  <properties>
[...]
</properties>
  <testcase name="contextLoads" classname="com.codermast.takeoutfood.V2ApplicationTests" time="0.771">
    <system-out><![CDATA[11:24:31.336 [main] DEBUG org.springframework.test.context.BootstrapUtils - Instantiating CacheAwareContextLoaderDelegate from class [org.springframework.test.context.cache.DefaultCacheAwareContextLoaderDelegate]
11:24:31.362 [main] DEBUG org.springframework.test.context.BootstrapUtils - Instantiating BootstrapContext using constructor [public org.springframework.test.context.support.DefaultBootstrapContext(java.lang.Class,org.springframework.test.context.CacheAwareContextLoaderDelegate)]
11:24:31.422 [main] DEBUG org.springframework.test.context.BootstrapUtils - Instantiating TestContextBootstrapper for test class [com.codermast.takeoutfood.V2ApplicationTests] from class [org.springframework.boot.test.context.SpringBootTestContextBootstrapper]
11:24:31.472 [main] INFO org.springframework.boot.test.context.SpringBootTestContextBootstrapper - Neither @ContextConfiguration nor @ContextHierarchy found for test class [com.codermast.takeoutfood.V2ApplicationTests], using SpringBootContextLoader
11:24:31.480 [main] DEBUG org.springframework.test.context.support.AbstractContextLoader - Did not detect default resource location for test class [com.codermast.takeoutfood.V2ApplicationTests]: class path resource [com/codermast/takeoutfood/V2ApplicationTests-context.xml] does not exist
11:24:31.480 [main] DEBUG org.springframework.test.context.support.AbstractContextLoader - Did not detect default resource location for test class [com.codermast.takeoutfood.V2ApplicationTests]: class path resource [com/codermast/takeoutfood/V2ApplicationTestsContext.groovy] does not exist
11:24:31.481 [main] INFO org.springframework.test.context.support.AbstractContextLoader - Could not detect default resource locations for test class [com.codermast.takeoutfood.V2ApplicationTests]: no resource found for suffixes {-context.xml, Context.groovy}.
11:24:31.483 [main] INFO org.springframework.test.context.support.AnnotationConfigContextLoaderUtils - Could not detect default configuration classes for test class [com.codermast.takeoutfood.V2ApplicationTests]: V2ApplicationTests does not declare any static, non-private, non-final, nested classes annotated with @Configuration.
11:24:31.603 [main] DEBUG org.springframework.test.context.support.ActiveProfilesUtils - Could not find an 'annotation declaring class' for annotation type [org.springframework.test.context.ActiveProfiles] and class [com.codermast.takeoutfood.V2ApplicationTests]
11:24:31.781 [main] DEBUG org.springframework.context.annotation.ClassPathScanningCandidateComponentProvider - Identified candidate component class: file [/Users/amanda/takeout_springboot/V2/target/classes/com/codermast/takeoutfood/V2Application.class]
11:24:31.782 [main] INFO org.springframework.boot.test.context.SpringBootTestContextBootstrapper - Found @SpringBootConfiguration com.codermast.takeoutfood.V2Application for test class com.codermast.takeoutfood.V2ApplicationTests
11:24:31.982 [main] DEBUG org.springframework.boot.test.context.SpringBootTestContextBootstrapper - @TestExecutionListeners is not present for class [com.codermast.takeoutfood.V2ApplicationTests]: using defaults.
11:24:31.983 [main] INFO org.springframework.boot.test.context.SpringBootTestContextBootstrapper - Loaded default TestExecutionListener class names from location [META-INF/spring.factories]: [org.springframework.boot.test.mock.mockito.MockitoTestExecutionListener, org.springframework.boot.test.mock.mockito.ResetMocksTestExecutionListener, org.springframework.boot.test.autoconfigure.restdocs.RestDocsTestExecutionListener, org.springframework.boot.test.autoconfigure.web.client.MockRestServiceServerResetTestExecutionListener, org.springframework.boot.test.autoconfigure.web.servlet.MockMvcPrintOnlyOnFailureTestExecutionListener, org.springframework.boot.test.autoconfigure.web.servlet.WebDriverTestExecutionListener, org.springframework.boot.test.autoconfigure.webservices.client.MockWebServiceServerTestExecutionListener, org.springframework.test.context.web.ServletTestExecutionListener, org.springframework.test.context.support.DirtiesContextBeforeModesTestExecutionListener, org.springframework.test.context.support.DependencyInjectionTestExecutionListener, org.springframework.test.context.support.DirtiesContextTestExecutionListener, org.springframework.test.context.transaction.TransactionalTestExecutionListener, org.springframework.test.context.jdbc.SqlScriptsTestExecutionListener, org.springframework.test.context.event.EventPublishingTestExecutionListener]
11:24:32.031 [main] INFO org.springframework.boot.test.context.SpringBootTestContextBootstrapper - Using TestExecutionListeners: [org.springframework.test.context.web.ServletTestExecutionListener@1115ec15, org.springframework.test.context.support.DirtiesContextBeforeModesTestExecutionListener@82ea68c, org.springframework.boot.test.mock.mockito.MockitoTestExecutionListener@59e505b2, org.springframework.boot.test.autoconfigure.SpringBootDependencyInjectionTestExecutionListener@3af0a9da, org.springframework.test.context.support.DirtiesContextTestExecutionListener@43b9fd5, org.springframework.test.context.transaction.TransactionalTestExecutionListener@79dc5318, org.springframework.test.context.jdbc.SqlScriptsTestExecutionListener@8e50104, org.springframework.test.context.event.EventPublishingTestExecutionListener@37e4d7bb, org.springframework.boot.test.mock.mockito.ResetMocksTestExecutionListener@6f7923a5, org.springframework.boot.test.autoconfigure.restdocs.RestDocsTestExecutionListener@74a6f9c1, org.springframework.boot.test.autoconfigure.web.client.MockRestServiceServerResetTestExecutionListener@54eb2b70, org.springframework.boot.test.autoconfigure.web.servlet.MockMvcPrintOnlyOnFailureTestExecutionListener@45a37759, org.springframework.boot.test.autoconfigure.web.servlet.WebDriverTestExecutionListener@63611043, org.springframework.boot.test.autoconfigure.webservices.client.MockWebServiceServerTestExecutionListener@20ca951f]
11:24:32.038 [main] DEBUG org.springframework.test.context.support.AbstractDirtiesContextTestExecutionListener - Before test class: context [DefaultTestContext@345f69f3 testClass = V2ApplicationTests, testInstance = [null], testMethod = [null], testException = [null], mergedContextConfiguration = [WebMergedContextConfiguration@50de186c testClass = V2ApplicationTests, locations = '{}', classes = '{class com.codermast.takeoutfood.V2Application}', contextInitializerClasses = '[]', activeProfiles = '{}', propertySourceLocations = '{}', propertySourceProperties = '{org.springframework.boot.test.context.SpringBootTestContextBootstrapper=true}', contextCustomizers = set[org.springframework.boot.test.context.filter.ExcludeFilterContextCustomizer@50ad3bc1, org.springframework.boot.test.json.DuplicateJsonObjectContextCustomizerFactory$DuplicateJsonObjectContextCustomizer@193f604a, org.springframework.boot.test.mock.mockito.MockitoContextCustomizer@0, org.springframework.boot.test.web.client.TestRestTemplateContextCustomizer@1e683a3e, org.springframework.boot.test.autoconfigure.properties.PropertyMappingContextCustomizer@0, org.springframework.boot.test.autoconfigure.web.servlet.WebDriverContextCustomizerFactory$Customizer@4d465b11, org.springframework.boot.test.context.SpringBootTestArgs@1, org.springframework.boot.test.context.SpringBootTestWebEnvironment@2f943d71], resourceBasePath = 'src/main/webapp', contextLoader = 'org.springframework.boot.test.context.SpringBootContextLoader', parent = [null]], attributes = map['org.springframework.test.context.web.ServletTestExecutionListener.activateListener' -> true]], class annotated with @DirtiesContext [false] with mode [null].
11:24:32.106 [main] DEBUG org.springframework.test.context.support.TestPropertySourceUtils - Adding inlined properties to environment: {spring.jmx.enabled=false, org.springframework.boot.test.context.SpringBootTestContextBootstrapper=true}

  .   ____          _            __ _ _
 /\\ / ___'_ __ _ _(_)_ __  __ _ \ \ \ \
( ( )\___ | '_ | '_| | '_ \/ _` | \ \ \ \
 \\/  ___)| |_)| | | | | || (_| |  ) ) ) )
  '  |____| .__|_| |_|_| |_\__, | / / / /
 =========|_|==============|___/=/_/_/_/
 :: Spring Boot ::        (v2.3.7.RELEASE)

2023-07-30 11:24:32.877  INFO 22477 --- [           main] c.c.takeoutfood.V2ApplicationTests       : Starting V2ApplicationTests on meishaonv4hao.local with PID 22477 (started by amanda in /Users/amanda/takeout_springboot/V2)
2023-07-30 11:24:32.879  INFO 22477 --- [           main] c.c.takeoutfood.V2ApplicationTests       : No active profile set, falling back to default profiles: default
2023-07-30 11:24:33.172  WARN 22477 --- [kground-preinit] o.s.h.c.j.Jackson2ObjectMapperBuilder    : For Jackson Kotlin classes support please add "com.fasterxml.jackson.module:jackson-module-kotlin" to the classpath
2023-07-30 11:24:34.361  INFO 22477 --- [           main] .s.d.r.c.RepositoryConfigurationDelegate : Multiple Spring Data modules found, entering strict repository configuration mode!
2023-07-30 11:24:34.370  INFO 22477 --- [           main] .s.d.r.c.RepositoryConfigurationDelegate : Bootstrapping Spring Data Redis repositories in DEFAULT mode.
2023-07-30 11:24:34.457  INFO 22477 --- [           main] .s.d.r.c.RepositoryConfigurationDelegate : Finished Spring Data repository scanning in 43ms. Found 0 Redis repository interfaces.
Logging initialized using 'class org.apache.ibatis.logging.stdout.StdOutImpl' adapter.
2023-07-30 11:24:35.848  INFO 22477 --- [           main] c.a.d.s.b.a.DruidDataSourceAutoConfigure : Init DruidDataSource
2023-07-30 11:24:36.392  INFO 22477 --- [           main] com.alibaba.druid.pool.DruidDataSource   : {dataSource-1} inited
Registered plugin: 'com.baomidou.mybatisplus.extension.plugins.MybatisPlusInterceptor@257ef9ed'
Property 'mapperLocations' was not specified.
 _ _   |_  _ _|_. ___ _ |    _ 
| | |\/|_)(_| | |_\  |_)||_|_\ 
     /               |         
                        3.5.2 
2023-07-30 11:24:38.590  INFO 22477 --- [           main] c.c.takeoutfood.config.WebMvcConfig      : 使用自定义消息转换器
2023-07-30 11:24:38.617  INFO 22477 --- [           main] c.c.takeoutfood.config.WebMvcConfig      : 静态资源开始映射...
2023-07-30 11:24:39.646  INFO 22477 --- [           main] c.c.takeoutfood.V2ApplicationTests       : Started V2ApplicationTests in 7.512 seconds (JVM running for 9.404)
]]></system-out>
  </testcase>
</testsuite>